This is pdfTeX, Version 3.1415926-2.3-1.40.12 (MiKTeX 2.9) (preloaded format=pdflatex 2012.9.19)  23 SEP 2012 16:10
entering extended mode
**C:/Users/John/Documents/GitHub/fault_attack_summarize/FaultAttackSummarize/co
ntent.tex

(C:/Users/John/Documents/GitHub/fault_attack_summarize/FaultAttackSummarize/con
tent.tex
LaTeX2e <2011/06/27>
Babel <v3.8m> and hyphenation patterns for english, afrikaans, ancientgreek, ar
abic, armenian, assamese, basque, bengali, bokmal, bulgarian, catalan, coptic, 
croatian, czech, danish, dutch, esperanto, estonian, farsi, finnish, french, ga
lician, german, german-x-2009-06-19, greek, gujarati, hindi, hungarian, iceland
ic, indonesian, interlingua, irish, italian, kannada, kurmanji, lao, latin, lat
vian, lithuanian, malayalam, marathi, mongolian, mongolianlmc, monogreek, ngerm
an, ngerman-x-2009-06-19, nynorsk, oriya, panjabi, pinyin, polish, portuguese, 
romanian, russian, sanskrit, serbian, slovak, slovenian, spanish, swedish, swis
sgerman, tamil, telugu, turkish, turkmen, ukenglish, ukrainian, uppersorbian, u
senglishmax, welsh, loaded.
(H:\miktex\tex\latex\base\article.cls
Document Class: article 2007/10/19 v1.4h Standard LaTeX document class
(H:\miktex\tex\latex\base\size12.clo
File: size12.clo 2007/10/19 v1.4h Standard LaTeX file (size option)
)
\c@part=\count79
\c@section=\count80
\c@subsection=\count81
\c@subsubsection=\count82
\c@paragraph=\count83
\c@subparagraph=\count84
\c@figure=\count85
\c@table=\count86
\abovecaptionskip=\skip41
\belowcaptionskip=\skip42
\bibindent=\dimen102
) (H:\miktex\tex\latex\cjk\CJK.sty
Package: CJK 2012/05/07 4.8.3

(H:\miktex\tex\latex\cjk\mule\MULEenc.sty
Package: MULEenc 2012/05/07 4.8.3
) (H:\miktex\tex\latex\cjk\CJK.enc
File: CJK.enc 2012/05/07 4.8.3
)
LaTeX Info: Redefining \selectfont on input line 755.
\CJK@indent=\box26
)
(C:\Users\John\Documents\GitHub\fault_attack_summarize\FaultAttackSummarize\con
tent.aux)
LaTeX Font Info:    Checking defaults for OML/cmm/m/it on input line 3.
LaTeX Font Info:    ... okay on input line 3.
LaTeX Font Info:    Checking defaults for T1/cmr/m/n on input line 3.
LaTeX Font Info:    ... okay on input line 3.
LaTeX Font Info:    Checking defaults for OT1/cmr/m/n on input line 3.
LaTeX Font Info:    ... okay on input line 3.
LaTeX Font Info:    Checking defaults for OMS/cmsy/m/n on input line 3.
LaTeX Font Info:    ... okay on input line 3.
LaTeX Font Info:    Checking defaults for OMX/cmex/m/n on input line 3.
LaTeX Font Info:    ... okay on input line 3.
LaTeX Font Info:    Checking defaults for U/cmr/m/n on input line 3.
LaTeX Font Info:    ... okay on input line 3.
LaTeX Font Info:    Checking defaults for C00/song/m/n on input line 3.
LaTeX Font Info:    ... okay on input line 3.
LaTeX Font Info:    Checking defaults for C05/song/m/n on input line 3.
LaTeX Font Info:    ... okay on input line 3.
LaTeX Font Info:    Checking defaults for C09/song/m/n on input line 3.
LaTeX Font Info:    ... okay on input line 3.
LaTeX Font Info:    Checking defaults for C10/song/m/n on input line 3.
LaTeX Font Info:    ... okay on input line 3.
LaTeX Font Info:    Checking defaults for C20/song/m/n on input line 3.
LaTeX Font Info:    ... okay on input line 3.
LaTeX Font Info:    Checking defaults for C19/song/m/n on input line 3.
LaTeX Font Info:    ... okay on input line 3.
LaTeX Font Info:    Checking defaults for C40/song/m/n on input line 3.
LaTeX Font Info:    ... okay on input line 3.
LaTeX Font Info:    Checking defaults for C42/song/m/n on input line 3.
LaTeX Font Info:    ... okay on input line 3.
LaTeX Font Info:    Checking defaults for C43/song/m/n on input line 3.
LaTeX Font Info:    ... okay on input line 3.
LaTeX Font Info:    Checking defaults for C50/song/m/n on input line 3.
LaTeX Font Info:    ... okay on input line 3.
LaTeX Font Info:    Checking defaults for C52/song/m/n on input line 3.
LaTeX Font Info:    ... okay on input line 3.
LaTeX Font Info:    Checking defaults for C49/song/m/n on input line 3.
LaTeX Font Info:    ... okay on input line 3.
LaTeX Font Info:    Checking defaults for C60/mj/m/n on input line 3.
LaTeX Font Info:    ... okay on input line 3.
LaTeX Font Info:    Checking defaults for C61/mj/m/n on input line 3.
LaTeX Font Info:    ... okay on input line 3.
LaTeX Font Info:    Checking defaults for C63/mj/m/n on input line 3.
LaTeX Font Info:    ... okay on input line 3.
LaTeX Font Info:    Checking defaults for C64/mj/m/n on input line 3.
LaTeX Font Info:    ... okay on input line 3.
LaTeX Font Info:    Checking defaults for C65/mj/m/n on input line 3.
LaTeX Font Info:    ... okay on input line 3.
LaTeX Font Info:    Checking defaults for C70/song/m/n on input line 3.
LaTeX Font Info:    ... okay on input line 3.
LaTeX Font Info:    Checking defaults for C31/song/m/n on input line 3.
LaTeX Font Info:    ... okay on input line 3.
LaTeX Font Info:    Checking defaults for C32/song/m/n on input line 3.
LaTeX Font Info:    ... okay on input line 3.
LaTeX Font Info:    Checking defaults for C33/song/m/n on input line 3.
LaTeX Font Info:    ... okay on input line 3.
LaTeX Font Info:    Checking defaults for C34/song/m/n on input line 3.
LaTeX Font Info:    ... okay on input line 3.
LaTeX Font Info:    Checking defaults for C35/song/m/n on input line 3.
LaTeX Font Info:    ... okay on input line 3.
LaTeX Font Info:    Checking defaults for C36/song/m/n on input line 3.
LaTeX Font Info:    ... okay on input line 3.
LaTeX Font Info:    Checking defaults for C37/song/m/n on input line 3.
LaTeX Font Info:    ... okay on input line 3.
LaTeX Font Info:    Checking defaults for C80/song/m/n on input line 3.
LaTeX Font Info:    ... okay on input line 3.
LaTeX Font Info:    Checking defaults for C81/song/m/n on input line 3.
LaTeX Font Info:    ... okay on input line 3.
LaTeX Font Info:    Checking defaults for C01/song/m/n on input line 3.
LaTeX Font Info:    ... okay on input line 3.
LaTeX Font Info:    Checking defaults for C11/song/m/n on input line 3.
LaTeX Font Info:    ... okay on input line 3.
LaTeX Font Info:    Checking defaults for C21/song/m/n on input line 3.
LaTeX Font Info:    ... okay on input line 3.
LaTeX Font Info:    Checking defaults for C41/song/m/n on input line 3.
LaTeX Font Info:    ... okay on input line 3.
LaTeX Font Info:    Checking defaults for C62/song/m/n on input line 3.
LaTeX Font Info:    ... okay on input line 3.
 (H:\miktex\tex\latex\cjk\UTF8\UTF8.bdg
File: UTF8.bdg 2012/05/07 4.8.3
)
(H:\miktex\tex\latex\cjk\UTF8\UTF8.enc
File: UTF8.enc 2012/05/07 4.8.3
) (H:\miktex\tex\latex\cjk\UTF8\UTF8.chr
File: UTF8.chr 2012/05/07 4.8.3
)
LaTeX Font Info:    Try loading font information for C70+gkai on input line 7.
(H:\miktex\tex\latex\cjk\UTF8\c70gkai.fd
File: c70gkai.fd 2012/05/07 4.8.3
)
(H:\miktex\tex\latex\cjk\UTF8\c70gkai.fdx
File: c70gkai.fdx 2012/05/07 4.8.3
) [1

{C:/ProgramData/MiKTeX/2.9/pdftex/config/pdftex.map}] [2] [3]
(C:\Users\John\Documents\GitHub\fault_attack_summarize\FaultAttackSummarize\con
tent.aux) ) 
Here is how much of TeX's memory you used:
 1854 strings out of 494045
 25389 string characters out of 3155644
 92294 words of memory out of 3000000
 5134 multiletter control sequences out of 15000+200000
 39454 words of font info for 141 fonts, out of 3000000 for 9000
 715 hyphenation exceptions out of 8191
 22i,4n,29p,775b,259s stack positions out of 5000i,500n,10000p,200000b,50000s
<H:/miktex/fonts/type1/public/amsfonts/cm/cmbx12.pfb><H:/miktex/font
s/type1/public/amsfonts/cm/cmr12.pfb><H:/miktex/fonts/type1/arphic/gkaiu/gkaiu3
0.pfb><H:/miktex/fonts/type1/arphic/gkaiu/gkaiu4e.pfb><H:/miktex/fonts/type1/ar
phic/gkaiu/gkaiu4f.pfb><H:/miktex/fonts/type1/arphic/gkaiu/gkaiu50.pfb><H:/mikt
ex/fonts/type1/arphic/gkaiu/gkaiu51.pfb><H:/miktex/fonts/type1/arphic/gkaiu/gka
iu52.pfb><H:/miktex/fonts/type1/arphic/gkaiu/gkaiu53.pfb><H:/miktex/fonts/type1
/arphic/gkaiu/gkaiu54.pfb><H:/miktex/fonts/type1/arphic/gkaiu/gkaiu56.pfb><H:/m
iktex/fonts/type1/arphic/gkaiu/gkaiu57.pfb><H:/miktex/fonts/type1/arphic/gkaiu/
gkaiu58.pfb><H:/miktex/fonts/type1/arphic/gkaiu/gkaiu59.pfb><H:/miktex/fonts/ty
pe1/arphic/gkaiu/gkaiu5b.pfb><H:/miktex/fonts/type1/arphic/gkaiu/gkaiu5c.pfb><H
:/miktex/fonts/type1/arphic/gkaiu/gkaiu5d.pfb><H:/miktex/fonts/type1/arphic/gka
iu/gkaiu5e.pfb><H:/miktex/fonts/type1/arphic/gkaiu/gkaiu5f.pfb><H:/miktex/fonts
/type1/arphic/gkaiu/gkaiu60.pfb><H:/miktex/fonts/type1/arphic/gkaiu/gkaiu62.pfb
><H:/miktex/fonts/type1/arphic/gkaiu/gkaiu63.pfb><H:/miktex/fonts/type1/arphic/
gkaiu/gkaiu64.pfb><H:/miktex/fonts/type1/arphic/gkaiu/gkaiu65.pfb><H:/miktex/fo
nts/type1/arphic/gkaiu/gkaiu66.pfb><H:/miktex/fonts/type1/arphic/gkaiu/gkaiu67.
pfb><H:/miktex/fonts/type1/arphic/gkaiu/gkaiu68.pfb><H:/miktex/fonts/type1/arph
ic/gkaiu/gkaiu69.pfb><H:/miktex/fonts/type1/arphic/gkaiu/gkaiu6a.pfb><H:/miktex
/fonts/type1/arphic/gkaiu/gkaiu6b.pfb><H:/miktex/fonts/type1/arphic/gkaiu/gkaiu
6c.pfb><H:/miktex/fonts/type1/arphic/gkaiu/gkaiu6d.pfb><H:/miktex/fonts/type1/a
rphic/gkaiu/gkaiu6f.pfb><H:/miktex/fonts/type1/arphic/gkaiu/gkaiu70.pfb><H:/mik
tex/fonts/type1/arphic/gkaiu/gkaiu71.pfb><H:/miktex/fonts/type1/arphic/gkaiu/gk
aiu72.pfb><H:/miktex/fonts/type1/arphic/gkaiu/gkaiu73.pfb><H:/miktex/fonts/type
1/arphic/gkaiu/gkaiu74.pfb><H:/miktex/fonts/type1/arphic/gkaiu/gkaiu75.pfb><H:/
miktex/fonts/type1/arphic/gkaiu/gkaiu76.pfb><H:/miktex/fonts/type1/arphic/gkaiu
/gkaiu77.pfb><H:/miktex/fonts/type1/arphic/gkaiu/gkaiu78.pfb><H:/miktex/fonts/t
ype1/arphic/gkaiu/gkaiu79.pfb><H:/miktex/fonts/type1/arphic/gkaiu/gkaiu7a.pfb><
H:/miktex/fonts/type1/arphic/gkaiu/gkaiu7b.pfb><H:/miktex/fonts/type1/arphic/gk
aiu/gkaiu7c.pfb><H:/miktex/fonts/type1/arphic/gkaiu/gkaiu7d.pfb><H:/miktex/font
s/type1/arphic/gkaiu/gkaiu7e.pfb><H:/miktex/fonts/type1/arphic/gkaiu/gkaiu7f.pf
b><H:/miktex/fonts/type1/arphic/gkaiu/gkaiu80.pfb><H:/miktex/fonts/type1/arphic
/gkaiu/gkaiu81.pfb><H:/miktex/fonts/type1/arphic/gkaiu/gkaiu82.pfb><H:/miktex/f
onts/type1/arphic/gkaiu/gkaiu86.pfb><H:/miktex/fonts/type1/arphic/gkaiu/gkaiu88
.pfb><H:/miktex/fonts/type1/arphic/gkaiu/gkaiu89.pfb><H:/miktex/fonts/type1/arp
hic/gkaiu/gkaiu8b.pfb><H:/miktex/fonts/type1/arphic/gkaiu/gkaiu8c.pfb><H:/mikte
x/fonts/type1/arphic/gkaiu/gkaiu8d.pfb><H:/miktex/fonts/type1/arphic/gkaiu/gkai
u8f.pfb><H:/miktex/fonts/type1/arphic/gkaiu/gkaiu90.pfb><H:/miktex/fonts/type1/
arphic/gkaiu/gkaiu91.pfb><H:/miktex/fonts/type1/arphic/gkaiu/gkaiu94.pfb><H:/mi
ktex/fonts/type1/arphic/gkaiu/gkaiu95.pfb><H:/miktex/fonts/type1/arphic/gkaiu/g
kaiu96.pfb><H:/miktex/fonts/type1/arphic/gkaiu/gkaiu97.pfb><H:/miktex/fonts/typ
e1/arphic/gkaiu/gkaiu98.pfb><H:/miktex/fonts/type1/arphic/gkaiu/gkaiu99.pfb><H:
/miktex/fonts/type1/arphic/gkaiu/gkaiu9a.pfb><H:/miktex/fonts/type1/arphic/gkai
u/gkaiuff.pfb>
Output written on content.pdf (3 pages, 374495 bytes).
PDF statistics:
 288 PDF objects out of 1000 (max. 8388607)
 0 named destinations out of 1000 (max. 500000)
 1 words of extra memory for PDF output out of 10000 (max. 10000000)

